TN:
SF:eslint/avoid-unwrapped-text.js
FN:6,hasOnlyLineBreak
FN:10,getTagName
FN:32,create
FN:40,isTextComponent
FN:45,(anonymous_4)
FN:116,(anonymous_5)
FN:168,(anonymous_6)
FN:228,(anonymous_7)
FN:299,(anonymous_8)
FNF:9
FNH:9
FNDA:203,hasOnlyLineBreak
FNDA:282,getTagName
FNDA:85,create
FNDA:107,isTextComponent
FNDA:203,(anonymous_4)
FNDA:23,(anonymous_5)
FNDA:11,(anonymous_6)
FNDA:175,(anonymous_7)
FNDA:9,(anonymous_8)
DA:7,203
DA:11,282
DA:12,282
DA:16,282
DA:17,282
DA:18,0
DA:19,0
DA:21,0
DA:24,282
DA:25,282
DA:29,282
DA:32,1
DA:33,85
DA:34,85
DA:35,85
DA:36,85
DA:37,85
DA:38,85
DA:41,107
DA:44,85
DA:46,203
DA:47,153
DA:49,50
DA:50,50
DA:51,52
DA:52,50
DA:53,50
DA:55,22
DA:57,28
DA:60,17
DA:62,11
DA:63,11
DA:64,11
DA:65,0
DA:73,11
DA:77,11
DA:80,2
DA:86,0
DA:87,0
DA:88,0
DA:94,0
DA:97,0
DA:105,0
DA:109,0
DA:112,2
DA:113,2
DA:117,23
DA:118,2
DA:120,21
DA:121,21
DA:122,35
DA:123,11
DA:124,11
DA:126,2
DA:128,9
DA:131,6
DA:133,3
DA:134,3
DA:135,3
DA:136,0
DA:144,3
DA:148,3
DA:151,24
DA:152,2
DA:153,2
DA:156,22
DA:160,12
DA:161,12
DA:165,10
DA:169,11
DA:170,11
DA:171,37
DA:172,11
DA:173,11
DA:175,2
DA:177,9
DA:180,6
DA:182,3
DA:183,3
DA:184,3
DA:185,0
DA:193,3
DA:197,3
DA:200,26
DA:206,6
DA:207,6
DA:210,20
DA:211,3
DA:212,3
DA:215,17
DA:220,17
DA:221,17
DA:225,0
DA:229,175
DA:230,136
DA:232,39
DA:233,39
DA:234,67
DA:235,28
DA:236,28
DA:238,11
DA:240,17
DA:243,1
DA:245,16
DA:246,16
DA:247,16
DA:248,0
DA:256,16
DA:260,16
DA:263,39
DA:269,7
DA:270,7
DA:271,7
DA:277,5
DA:280,2
DA:288,2
DA:292,2
DA:295,32
DA:296,32
DA:300,9
DA:301,9
DA:302,2
DA:304,9
DA:305,0
DA:307,9
DA:308,9
DA:309,0
DA:311,9
DA:312,2
DA:314,7
DA:315,0
DA:317,7
DA:318,7
DA:319,0
DA:321,7
DA:322,7
DA:323,3
LF:137
LH:118
BRDA:12,0,0,282
BRDA:12,0,1,0
BRDA:13,1,0,282
BRDA:13,1,1,282
BRDA:18,2,0,0
BRDA:18,2,1,0
BRDA:24,3,0,282
BRDA:24,3,1,0
BRDA:33,4,0,85
BRDA:33,4,1,85
BRDA:34,5,0,85
BRDA:34,5,1,85
BRDA:35,6,0,85
BRDA:35,6,1,85
BRDA:36,7,0,85
BRDA:36,7,1,85
BRDA:41,8,0,107
BRDA:41,8,1,69
BRDA:46,9,0,153
BRDA:46,9,1,50
BRDA:46,10,0,203
BRDA:46,10,1,203
BRDA:51,11,0,50
BRDA:51,11,1,2
BRDA:53,12,0,22
BRDA:53,12,1,28
BRDA:57,13,0,17
BRDA:57,13,1,11
BRDA:63,14,0,11
BRDA:63,14,1,11
BRDA:64,15,0,0
BRDA:64,15,1,11
BRDA:64,16,0,11
BRDA:64,16,1,0
BRDA:80,17,0,0
BRDA:80,17,1,2
BRDA:81,18,0,2
BRDA:81,18,1,0
BRDA:81,18,2,0
BRDA:81,18,3,0
BRDA:88,19,0,0
BRDA:88,19,1,0
BRDA:89,20,0,0
BRDA:89,20,1,0
BRDA:89,20,2,0
BRDA:117,21,0,2
BRDA:117,21,1,21
BRDA:117,22,0,23
BRDA:117,22,1,5
BRDA:122,23,0,11
BRDA:122,23,1,24
BRDA:124,24,0,2
BRDA:124,24,1,9
BRDA:128,25,0,6
BRDA:128,25,1,3
BRDA:134,26,0,3
BRDA:134,26,1,3
BRDA:135,27,0,0
BRDA:135,27,1,3
BRDA:135,28,0,3
BRDA:135,28,1,0
BRDA:151,29,0,2
BRDA:151,29,1,22
BRDA:151,30,0,24
BRDA:151,30,1,5
BRDA:156,31,0,12
BRDA:156,31,1,10
BRDA:157,32,0,22
BRDA:157,32,1,11
BRDA:171,33,0,11
BRDA:171,33,1,26
BRDA:173,34,0,2
BRDA:173,34,1,9
BRDA:177,35,0,6
BRDA:177,35,1,3
BRDA:183,36,0,3
BRDA:183,36,1,3
BRDA:184,37,0,0
BRDA:184,37,1,3
BRDA:184,38,0,3
BRDA:184,38,1,0
BRDA:200,39,0,6
BRDA:200,39,1,20
BRDA:201,40,0,26
BRDA:201,40,1,6
BRDA:201,40,2,6
BRDA:210,41,0,3
BRDA:210,41,1,17
BRDA:210,42,0,20
BRDA:210,42,1,3
BRDA:215,43,0,17
BRDA:215,43,1,0
BRDA:216,44,0,17
BRDA:216,44,1,6
BRDA:216,44,2,6
BRDA:229,45,0,136
BRDA:229,45,1,39
BRDA:234,46,0,28
BRDA:234,46,1,39
BRDA:236,47,0,11
BRDA:236,47,1,17
BRDA:240,48,0,1
BRDA:240,48,1,16
BRDA:246,49,0,16
BRDA:246,49,1,16
BRDA:247,50,0,0
BRDA:247,50,1,16
BRDA:247,51,0,16
BRDA:247,51,1,0
BRDA:263,52,0,7
BRDA:263,52,1,32
BRDA:264,53,0,39
BRDA:264,53,1,7
BRDA:264,53,2,7
BRDA:264,53,3,7
BRDA:271,54,0,5
BRDA:271,54,1,2
BRDA:272,55,0,7
BRDA:272,55,1,7
BRDA:272,55,2,7
BRDA:301,56,0,11
BRDA:301,56,1,11
BRDA:304,57,0,0
BRDA:304,57,1,9
BRDA:308,58,0,0
BRDA:308,58,1,9
BRDA:308,59,0,9
BRDA:308,59,1,9
BRDA:308,59,2,9
BRDA:311,60,0,2
BRDA:311,60,1,7
BRDA:314,61,0,0
BRDA:314,61,1,7
BRDA:314,62,0,7
BRDA:314,62,1,7
BRDA:318,63,0,0
BRDA:318,63,1,7
BRDA:322,64,0,3
BRDA:322,64,1,4
BRF:139
BRH:113
end_of_record
TN:
SF:modules/expo-bluesky-swiss-army/index.ts
FNF:0
FNH:0
LF:0
LH:0
BRF:0
BRH:0
end_of_record
TN:
SF:modules/expo-bluesky-swiss-army/src/NotImplemented.ts
FN:4,(anonymous_0)
FNF:1
FNH:0
FNDA:0,(anonymous_0)
DA:5,0
DA:6,0
DA:7,0
DA:13,0
LF:4
LH:0
BRDA:4,0,0,0
BRDA:5,1,0,0
BRDA:5,1,1,0
BRF:3
BRH:0
end_of_record
TN:
SF:modules/expo-bluesky-swiss-army/src/PlatformInfo/index.native.ts
FN:8,getIsReducedMotionEnabled
FN:12,setAudioActive
FN:17,setAudioCategory
FNF:3
FNH:1
FNDA:2,getIsReducedMotionEnabled
FNDA:0,setAudioActive
FNDA:0,setAudioCategory
DA:6,2
DA:9,2
DA:13,0
DA:14,0
DA:18,0
DA:19,0
LF:6
LH:2
BRDA:13,0,0,0
BRDA:13,0,1,0
BRDA:18,1,0,0
BRDA:18,1,1,0
BRF:4
BRH:0
end_of_record
TN:
SF:modules/expo-bluesky-swiss-army/src/PlatformInfo/types.ts
FNF:0
FNH:0
LF:0
LH:0
BRF:0
BRH:0
end_of_record
TN:
SF:modules/expo-bluesky-swiss-army/src/Referrer/index.ios.ts
FN:5,getGooglePlayReferrerInfoAsync
FN:9,getReferrerInfo
FNF:2
FNH:0
FNDA:0,getGooglePlayReferrerInfoAsync
FNDA:0,getReferrerInfo
DA:6,0
DA:10,0
DA:11,0
DA:12,0
DA:13,0
DA:14,0
DA:15,0
DA:20,0
DA:27,0
DA:28,0
DA:29,0
DA:30,0
DA:36,0
LF:13
LH:0
BRDA:11,0,0,0
BRDA:11,0,1,0
BRDA:28,1,0,0
BRDA:28,1,1,0
BRF:4
BRH:0
end_of_record
TN:
SF:modules/expo-bluesky-swiss-army/src/SharedPrefs/index.native.ts
FN:5,setValue
FN:17,removeValue
FN:21,getString
FN:25,getNumber
FN:29,getBool
FN:33,addToSet
FN:37,removeFromSet
FN:41,setContains
FN:46,nullToUndefined
FNF:9
FNH:0
FNDA:0,setValue
FNDA:0,removeValue
FNDA:0,getString
FNDA:0,getNumber
FNDA:0,getBool
FNDA:0,addToSet
FNDA:0,removeFromSet
FNDA:0,setContains
FNDA:0,nullToUndefined
DA:3,2
DA:11,0
DA:12,0
DA:14,0
DA:18,0
DA:22,0
DA:26,0
DA:30,0
DA:34,0
DA:38,0
DA:42,0
DA:47,0
DA:48,0
DA:50,0
LF:14
LH:1
BRDA:11,0,0,0
BRDA:11,0,1,0
BRDA:47,1,0,0
BRDA:47,1,1,0
BRF:4
BRH:0
end_of_record
TN:
SF:modules/expo-bluesky-swiss-army/src/VisibilityView/index.native.tsx
FN:15,updateActiveViewAsync
FN:19,VisibilityView
FNF:2
FNH:0
FNDA:0,updateActiveViewAsync
FNDA:0,VisibilityView
DA:11,2
DA:13,2
DA:16,0
DA:25,0
DA:32,0
DA:35,0
LF:6
LH:2
BRF:0
BRH:0
end_of_record
TN:
SF:src/lib/app-info.ts
FNF:0
FNH:0
DA:3,2
DA:4,2
DA:8,2
DA:13,2
DA:15,2
DA:16,2
LF:6
LH:6
BRDA:4,0,0,2
BRDA:4,0,1,0
BRDA:8,1,0,2
BRDA:8,1,1,2
BRDA:13,2,0,2
BRDA:13,2,1,0
BRDA:13,3,0,2
BRDA:13,3,1,2
BRDA:17,4,0,2
BRDA:17,4,1,0
BRDA:17,5,0,0
BRDA:17,5,1,0
BRF:12
BRH:7
end_of_record
TN:
SF:src/lib/browser.native.ts
FNF:0
FNH:0
DA:1,2
DA:2,2
DA:3,2
DA:4,2
LF:4
LH:4
BRF:0
BRH:0
end_of_record
TN:
SF:src/lib/constants.ts
FN:38,FEEDBACK_FORM_URL
FN:68,IS_TEST_USER
FN:72,IS_PROD_SERVICE
FN:76,(anonymous_3)
FN:79,(anonymous_4)
FN:105,LINK_META_PROXY
FN:116,(anonymous_6)
FN:172,(anonymous_7)
FN:174,(anonymous_8)
FNF:9
FNH:3
FNDA:0,FEEDBACK_FORM_URL
FNDA:0,IS_TEST_USER
FNDA:0,IS_PROD_SERVICE
FNDA:10,(anonymous_3)
FNDA:10,(anonymous_4)
FNDA:0,LINK_META_PROXY
FNDA:15,(anonymous_6)
FNDA:0,(anonymous_7)
FNDA:0,(anonymous_8)
DA:5,5
DA:6,5
DA:7,5
DA:8,5
DA:9,5
DA:10,5
DA:11,5
DA:12,5
DA:13,5
DA:14,5
DA:15,5
DA:24,5
DA:26,5
DA:37,5
DA:45,0
DA:46,0
DA:47,0
DA:48,0
DA:49,0
DA:52,0
DA:55,5
DA:56,5
DA:58,5
DA:60,5
DA:64,5
DA:66,5
DA:69,0
DA:73,0
DA:76,5
DA:77,10
DA:79,5
DA:80,10
DA:82,5
DA:87,5
DA:92,5
DA:94,5
DA:101,5
DA:103,5
DA:106,0
DA:107,0
DA:110,0
DA:113,5
DA:116,15
DA:122,5
DA:123,5
DA:124,5
DA:125,5
DA:126,5
DA:127,5
DA:128,5
DA:130,5
DA:132,5
DA:139,5
DA:141,5
DA:143,5
DA:144,5
DA:145,5
DA:150,5
DA:155,5
DA:164,5
DA:166,5
DA:170,5
DA:172,5
DA:173,0
DA:174,5
DA:175,0
DA:177,5
DA:179,5
DA:180,5
DA:182,5
DA:183,5
DA:185,5
DA:195,5
DA:197,5
LF:74
LH:61
BRDA:5,0,0,0
BRDA:5,0,1,5
BRDA:46,1,0,0
BRDA:46,1,1,0
BRDA:48,2,0,0
BRDA:48,2,1,0
BRDA:69,3,0,0
BRDA:69,3,1,0
BRDA:73,4,0,0
BRDA:73,4,1,0
BRDA:73,4,2,0
BRDA:106,5,0,0
BRDA:106,5,1,0
BRF:13
BRH:1
end_of_record
TN:
SF:src/lib/functions.ts
FN:1,choose
FN:8,dedupArray
FN:21,replaceEqualDeep
FN:65,isPlainArray
FN:70,isPlainObject
FN:96,hasObjectPrototype
FNF:6
FNH:6
FNDA:2,choose
FNDA:7,dedupArray
FNDA:7,replaceEqualDeep
FNDA:8,isPlainArray
FNDA:14,isPlainObject
FNDA:20,hasObjectPrototype
DA:5,2
DA:9,7
DA:10,7
DA:22,7
DA:23,2
DA:26,5
DA:27,2
DA:30,3
DA:32,3
DA:33,1
DA:34,1
DA:35,1
DA:36,1
DA:37,1
DA:39,1
DA:41,1
DA:42,1
DA:43,1
DA:49,0
DA:50,0
DA:52,1
DA:53,1
DA:54,1
DA:59,1
DA:62,2
DA:66,8
DA:71,14
DA:72,7
DA:76,7
DA:77,7
DA:78,1
DA:82,6
DA:83,6
DA:84,0
DA:88,6
DA:89,1
DA:93,5
DA:97,20
LF:38
LH:35
BRDA:22,0,0,2
BRDA:22,0,1,5
BRDA:26,1,0,2
BRDA:26,1,1,3
BRDA:26,2,0,5
BRDA:26,2,1,2
BRDA:27,3,0,1
BRDA:27,3,1,1
BRDA:30,4,0,3
BRDA:30,4,1,1
BRDA:32,5,0,1
BRDA:32,5,1,2
BRDA:32,6,0,3
BRDA:32,6,1,3
BRDA:32,6,2,1
BRDA:33,7,0,0
BRDA:33,7,1,1
BRDA:35,8,0,0
BRDA:35,8,1,1
BRDA:37,9,0,0
BRDA:37,9,1,1
BRDA:42,10,0,0
BRDA:42,10,1,1
BRDA:43,11,0,0
BRDA:43,11,1,1
BRDA:44,12,0,1
BRDA:44,12,1,1
BRDA:44,12,2,0
BRDA:44,12,3,0
BRDA:53,13,0,1
BRDA:53,13,1,0
BRDA:53,14,0,1
BRDA:53,14,1,1
BRDA:59,15,0,1
BRDA:59,15,1,0
BRDA:59,16,0,1
BRDA:59,16,1,1
BRDA:66,17,0,8
BRDA:66,17,1,3
BRDA:71,18,0,7
BRDA:71,18,1,7
BRDA:77,19,0,1
BRDA:77,19,1,6
BRDA:83,20,0,0
BRDA:83,20,1,6
BRDA:88,21,0,1
BRDA:88,21,1,5
BRF:47
BRH:37
end_of_record
TN:
SF:src/lib/numbers.ts
FN:1,clamp
FNF:1
FNH:1
FNDA:9,clamp
DA:2,9
LF:1
LH:1
BRF:0
BRH:0
end_of_record
TN:
SF:src/lib/type-guards.ts
FN:1,isObj
FN:5,hasProp
FN:12,isStrArray
FN:13,(anonymous_3)
FNF:4
FNH:4
FNDA:9,isObj
FNDA:46,hasProp
FNDA:8,isStrArray
FNDA:7,(anonymous_3)
DA:2,9
DA:9,46
DA:13,8
LF:3
LH:3
BRDA:2,0,0,9
BRDA:2,0,1,7
BRDA:13,1,0,8
BRDA:13,1,1,5
BRF:4
BRH:4
end_of_record
TN:
SF:src/lib/async/bundle.ts
FN:9,bundleAsync
FN:13,(anonymous_1)
FNF:2
FNH:2
FNDA:3,bundleAsync
FNDA:9,(anonymous_1)
DA:13,3
DA:14,9
DA:15,2
DA:17,7
DA:18,7
DA:19,7
DA:21,7
LF:7
LH:7
BRDA:14,0,0,2
BRDA:14,0,1,7
BRF:2
BRH:2
end_of_record
TN:
SF:src/lib/async/retry.ts
FN:3,retry
FN:24,networkRetry
FNF:2
FNH:2
FNDA:5,retry
FNDA:1,networkRetry
DA:9,5
DA:10,8
DA:11,8
DA:13,5
DA:14,5
DA:15,4
DA:16,4
DA:18,1
DA:21,1
DA:28,1
LF:10
LH:10
BRDA:14,0,0,4
BRDA:14,0,1,1
BRF:2
BRH:2
end_of_record
TN:
SF:src/lib/hooks/useAppState.ts
FN:4,useAppState
FNF:1
FNH:1
FNDA:4,useAppState
DA:7,2
DA:12,2
LF:2
LH:2
BRF:0
BRH:0
end_of_record
TN:
SF:src/lib/hooks/useTimeAgo.ts
FN:22,useGetTimeAgo
FN:45,dateDiff
FN:122,formatDateDiff
FNF:3
FNH:1
FNDA:0,useGetTimeAgo
FNDA:22,dateDiff
FNDA:0,formatDateDiff
DA:16,1
DA:17,1
DA:18,1
DA:19,1
DA:20,1
DA:22,0
DA:25,0
DA:50,22
DA:54,22
DA:55,22
DA:56,22
DA:58,22
DA:59,3
DA:63,19
DA:64,2
DA:68,17
DA:70,3
DA:73,3
DA:77,14
DA:79,3
DA:82,3
DA:86,11
DA:88,6
DA:91,6
DA:97,5
DA:100,5
DA:106,22
DA:131,0
DA:133,0
DA:135,0
DA:138,0
DA:148,0
DA:158,0
DA:168,0
DA:178,0
DA:179,0
DA:188,0
LF:37
LH:25
BRDA:22,0,0,0
BRDA:22,0,1,0
BRDA:22,1,0,0
BRDA:22,1,1,0
BRDA:30,2,0,0
BRDA:30,2,1,0
BRDA:48,3,0,22
BRDA:58,4,0,3
BRDA:58,4,1,19
BRDA:63,5,0,2
BRDA:63,5,1,17
BRDA:68,6,0,3
BRDA:68,6,1,14
BRDA:70,7,0,0
BRDA:70,7,1,3
BRDA:77,8,0,3
BRDA:77,8,1,11
BRDA:79,9,0,0
BRDA:79,9,1,3
BRDA:86,10,0,6
BRDA:86,10,1,5
BRDA:88,11,0,0
BRDA:88,11,1,6
BRDA:97,12,0,0
BRDA:97,12,1,5
BRDA:124,13,0,0
BRDA:133,14,0,0
BRDA:133,14,1,0
BRDA:133,14,2,0
BRDA:133,14,3,0
BRDA:133,14,4,0
BRDA:133,14,5,0
BRDA:138,15,0,0
BRDA:138,15,1,0
BRDA:148,16,0,0
BRDA:148,16,1,0
BRDA:158,17,0,0
BRDA:158,17,1,0
BRDA:168,18,0,0
BRDA:168,18,1,0
BRDA:178,19,0,0
BRDA:178,19,1,0
BRDA:179,20,0,0
BRDA:179,20,1,0
BRF:44
BRH:15
end_of_record
TN:
SF:src/lib/link-meta/link-meta.ts
FN:27,getLinkMeta
FN:67,(anonymous_1)
FN:97,getLikelyType
FNF:3
FNH:1
FNDA:0,getLinkMeta
FNDA:0,(anonymous_1)
FNDA:2,getLikelyType
DA:32,0
DA:33,0
DA:40,0
DA:41,0
DA:44,0
DA:45,0
DA:46,0
DA:47,0
DA:50,0
DA:56,0
DA:57,0
DA:61,0
DA:62,0
DA:65,0
DA:66,0
DA:67,0
DA:69,0
DA:76,0
DA:77,0
DA:79,0
DA:81,0
DA:82,0
DA:85,0
DA:86,0
DA:87,0
DA:90,0
DA:91,0
DA:94,0
DA:98,2
DA:99,2
DA:100,2
DA:102,1
DA:106,1
DA:107,1
DA:108,0
DA:110,1
DA:111,1
DA:112,1
DA:114,0
DA:115,0
DA:117,0
DA:118,0
DA:120,0
DA:121,0
DA:123,0
DA:124,0
DA:126,0
DA:129,1
LF:48
LH:10
BRDA:30,0,0,0
BRDA:32,1,0,0
BRDA:32,1,1,0
BRDA:32,2,0,0
BRDA:32,2,1,0
BRDA:45,3,0,0
BRDA:45,3,1,0
BRDA:61,4,0,0
BRDA:61,4,1,0
BRDA:67,5,0,0
BRDA:67,5,1,0
BRDA:70,6,0,0
BRDA:70,6,1,0
BRDA:81,7,0,0
BRDA:81,7,1,0
BRDA:91,8,0,0
BRDA:91,8,1,0
BRDA:98,9,0,2
BRDA:98,9,1,0
BRDA:106,10,0,1
BRDA:106,10,1,0
BRDA:107,11,0,0
BRDA:107,11,1,1
BRDA:107,12,0,1
BRDA:107,12,1,1
BRDA:107,12,2,1
BRDA:111,13,0,1
BRDA:111,13,1,0
BRDA:114,14,0,0
BRDA:114,14,1,0
BRDA:117,15,0,0
BRDA:117,15,1,0
BRDA:120,16,0,0
BRDA:120,16,1,0
BRDA:123,17,0,0
BRDA:123,17,1,0
BRF:36
BRH:7
end_of_record
TN:
SF:src/lib/link-meta/resolve-short-link.ts
FN:3,resolveShortLink
FN:5,(anonymous_1)
FNF:2
FNH:2
FNDA:4,resolveShortLink
FNDA:1,(anonymous_1)
DA:4,4
DA:5,4
DA:7,4
DA:8,4
DA:15,2
DA:16,1
DA:17,1
DA:19,1
DA:20,1
DA:22,2
DA:23,2
DA:25,4
LF:12
LH:12
BRDA:15,0,0,1
BRDA:15,0,1,1
BRF:2
BRH:2
end_of_record
TN:
SF:src/lib/media/manip.ts
FN:25,compressIfNeeded
FN:58,downloadAndResize
FN:77,(anonymous_2)
FN:96,shareImageModal
FN:131,saveImageToMediaLibrary
FN:174,getImageDim
FN:175,(anonymous_6)
FN:178,(anonymous_7)
FN:196,doResize
FN:268,moveToPermanentPath
FN:287,safeDeleteAsync
FN:297,joinPath
FN:309,normalizePath
FN:318,saveBytesToDisk
FN:327,saveToDevice
FN:334,(anonymous_15)
FN:363,withTempFile
FN:385,getResizedDimensions
FNF:18
FNH:5
FNDA:0,compressIfNeeded
FNDA:3,downloadAndResize
FNDA:0,(anonymous_2)
FNDA:0,shareImageModal
FNDA:0,saveImageToMediaLibrary
FNDA:0,getImageDim
FNDA:0,(anonymous_6)
FNDA:0,(anonymous_7)
FNDA:1,doResize
FNDA:0,moveToPermanentPath
FNDA:1,safeDeleteAsync
FNDA:0,joinPath
FNDA:14,normalizePath
FNDA:0,saveBytesToDisk
FNDA:0,saveToDevice
FNDA:0,(anonymous_15)
FNDA:0,withTempFile
FNDA:5,getResizedDimensions
DA:29,0
DA:30,0
DA:32,0
DA:38,0
DA:42,0
DA:46,0
DA:59,3
DA:60,3
DA:61,3
DA:62,2
DA:63,2
DA:64,0
DA:67,1
DA:68,1
DA:72,2
DA:73,2
DA:77,2
DA:78,2
DA:79,2
DA:81,2
DA:82,2
DA:83,1
DA:86,1
DA:87,1
DA:90,2
DA:91,2
DA:97,0
DA:99,0
DA:101,0
DA:110,0
DA:111,0
DA:117,0
DA:118,0
DA:120,0
DA:126,0
DA:129,1
DA:137,0
DA:140,0
DA:141,0
DA:144,0
DA:145,0
DA:149,0
DA:150,0
DA:152,0
DA:155,0
DA:163,0
DA:166,0
DA:170,0
DA:175,0
DA:176,0
DA:179,0
DA:205,1
DA:206,1
DA:211,1
DA:212,1
DA:214,1
DA:216,1
DA:217,6
DA:220,6
DA:229,6
DA:231,6
DA:232,6
DA:233,0
DA:238,6
DA:239,6
DA:240,6
DA:248,0
DA:252,1
DA:253,6
DA:254,0
DA:258,1
DA:259,1
DA:260,1
DA:263,0
DA:274,0
DA:278,0
DA:279,0
DA:283,0
DA:284,0
DA:289,1
DA:290,1
DA:291,1
DA:293,0
DA:298,0
DA:299,0
DA:300,0
DA:302,0
DA:303,0
DA:304,0
DA:306,0
DA:310,14
DA:311,1
DA:312,0
DA:315,14
DA:323,0
DA:324,0
DA:332,0
DA:333,0
DA:334,0
DA:335,0
DA:337,0
DA:340,0
DA:342,0
DA:343,0
DA:346,0
DA:352,0
DA:355,0
DA:358,0
DA:359,0
DA:370,0
DA:371,0
DA:373,0
DA:374,0
DA:375,0
DA:379,0
DA:381,0
DA:389,5
DA:393,3
DA:396,2
DA:401,2
LF:120
LH:49
BRDA:27,0,0,0
BRDA:29,1,0,0
BRDA:29,1,1,0
BRDA:63,2,0,0
BRDA:63,2,1,2
BRDA:82,3,0,1
BRDA:82,3,1,1
BRDA:90,4,0,2
BRDA:90,4,1,0
BRDA:97,5,0,0
BRDA:97,5,1,0
BRDA:117,6,0,0
BRDA:117,6,1,0
BRDA:145,7,0,0
BRDA:145,7,1,0
BRDA:150,8,0,0
BRDA:150,8,1,0
BRDA:166,9,0,0
BRDA:166,9,1,0
BRDA:232,10,0,0
BRDA:232,10,1,6
BRDA:238,11,0,6
BRDA:238,11,1,0
BRDA:253,12,0,0
BRDA:253,12,1,6
BRDA:258,13,0,1
BRDA:258,13,1,0
BRDA:298,14,0,0
BRDA:298,14,1,0
BRDA:299,15,0,0
BRDA:299,15,1,0
BRDA:303,16,0,0
BRDA:303,16,1,0
BRDA:309,17,0,13
BRDA:310,18,0,1
BRDA:310,18,1,13
BRDA:310,19,0,14
BRDA:310,19,1,14
BRDA:311,20,0,0
BRDA:311,20,1,1
BRDA:333,21,0,0
BRDA:333,21,1,0
BRDA:342,22,0,0
BRDA:342,22,1,0
BRDA:389,23,0,3
BRDA:389,23,1,2
BRDA:390,24,0,5
BRDA:390,24,1,4
BRF:48
BRH:18
end_of_record
TN:
SF:src/lib/strings/bidi.ts
FN:8,forceLTR
FNF:1
FNH:1
FNDA:3,forceLTR
DA:1,4
DA:2,4
DA:9,3
LF:3
LH:3
BRF:0
BRH:0
end_of_record
TN:
SF:src/lib/strings/email.ts
FN:6,isEmailMaybeInvalid
FNF:1
FNH:1
FNDA:59,isEmailMaybeInvalid
DA:4,1
DA:7,59
DA:8,59
LF:3
LH:3
BRDA:8,0,0,59
BRDA:8,0,1,53
BRF:2
BRH:2
end_of_record
TN:
SF:src/lib/strings/embed-player.ts
FN:78,parseEmbedPlayerFromUrl
FN:456,getPlayerAspect
FN:498,getGifDims
FN:511,getGiphyMetaUri
FN:520,parseTenorGif
FN:572,isTenorGifUri
FNF:6
FNH:2
FNDA:81,parseEmbedPlayerFromUrl
FNDA:0,getPlayerAspect
FNDA:0,getGifDims
FNDA:0,getGiphyMetaUri
FNDA:36,parseTenorGif
FNDA:0,isTenorGifUri
DA:6,2
DA:8,2
DA:17,2
DA:49,2
DA:75,2
DA:76,2
DA:82,81
DA:83,81
DA:85,0
DA:89,81
DA:90,2
DA:91,2
DA:92,2
DA:94,2
DA:95,2
DA:102,79
DA:108,13
DA:110,13
DA:111,13
DA:113,13
DA:116,13
DA:117,13
DA:119,13
DA:120,9
DA:130,70
DA:135,5
DA:140,5
DA:142,5
DA:143,1
DA:148,4
DA:149,1
DA:154,3
DA:155,3
DA:164,65
DA:165,9
DA:167,9
DA:168,9
DA:169,3
DA:177,6
DA:178,3
DA:184,3
DA:185,3
DA:191,0
DA:192,0
DA:198,0
DA:199,0
DA:209,56
DA:213,3
DA:215,3
DA:216,2
DA:217,1
DA:224,1
DA:232,54
DA:238,3
DA:239,3
DA:240,3
DA:242,3
DA:244,3
DA:248,3
DA:249,1
DA:254,2
DA:255,2
DA:256,1
DA:262,1
DA:272,51
DA:273,2
DA:274,2
DA:275,2
DA:283,49
DA:284,4
DA:292,4
DA:293,2
DA:295,2
DA:296,2
DA:310,47
DA:313,8
DA:315,8
DA:316,8
DA:317,6
DA:325,2
DA:326,1
DA:340,40
DA:341,4
DA:343,4
DA:344,2
DA:345,2
DA:353,2
DA:354,2
DA:355,2
DA:368,36
DA:369,36
DA:370,1
DA:372,1
DA:383,35
DA:384,12
DA:385,12
DA:386,7
DA:389,12
DA:390,12
DA:392,5
DA:393,5
DA:395,4
DA:403,8
DA:404,4
DA:405,4
DA:406,4
DA:414,4
DA:418,23
DA:419,4
DA:420,4
DA:421,4
DA:422,4
DA:423,26
DA:424,26
DA:425,25
DA:428,1
DA:432,3
DA:434,1
DA:435,1
DA:444,1
DA:451,1
DA:465,0
DA:467,0
DA:471,0
DA:473,0
DA:474,0
DA:476,0
DA:483,0
DA:485,0
DA:486,0
DA:488,0
DA:490,0
DA:492,0
DA:494,0
DA:503,0
DA:505,0
DA:512,0
DA:513,0
DA:514,0
DA:515,0
DA:527,36
DA:528,31
DA:531,5
DA:533,5
DA:534,2
DA:537,3
DA:538,1
DA:541,2
DA:542,2
DA:544,2
DA:545,1
DA:548,1
DA:553,1
DA:554,0
DA:555,0
DA:556,0
DA:558,0
DA:559,0
DA:562,1
DA:565,1
DA:573,0
DA:574,0
DA:577,0
LF:163
LH:131
BRDA:8,0,0,0
BRDA:8,0,1,2
BRDA:10,1,0,0
BRDA:10,1,1,0
BRDA:13,2,0,0
BRDA:13,2,1,2
BRDA:13,3,0,2
BRDA:13,3,1,2
BRDA:89,4,0,2
BRDA:89,4,1,79
BRDA:91,5,0,2
BRDA:91,5,1,1
BRDA:94,6,0,2
BRDA:94,6,1,0
BRDA:102,7,0,13
BRDA:102,7,1,66
BRDA:103,8,0,79
BRDA:103,8,1,76
BRDA:103,8,2,68
BRDA:103,8,3,67
BRDA:113,9,0,4
BRDA:113,9,1,9
BRDA:113,10,0,13
BRDA:113,10,1,11
BRDA:116,11,0,13
BRDA:116,11,1,12
BRDA:119,12,0,9
BRDA:119,12,1,4
BRDA:121,13,0,1
BRDA:121,13,1,8
BRDA:122,14,0,1
BRDA:122,14,1,8
BRDA:123,15,0,1
BRDA:123,15,1,8
BRDA:130,16,0,5
BRDA:130,16,1,65
BRDA:131,17,0,70
BRDA:131,17,1,67
BRDA:131,17,2,66
BRDA:135,18,0,0
BRDA:135,18,1,5
BRDA:142,19,0,1
BRDA:142,19,1,4
BRDA:148,20,0,1
BRDA:148,20,1,3
BRDA:154,21,0,3
BRDA:154,21,1,0
BRDA:164,22,0,9
BRDA:164,22,1,56
BRDA:167,23,0,9
BRDA:167,23,1,0
BRDA:168,24,0,3
BRDA:168,24,1,6
BRDA:168,25,0,9
BRDA:168,25,1,7
BRDA:173,26,0,3
BRDA:173,26,1,2
BRDA:177,27,0,3
BRDA:177,27,1,3
BRDA:177,28,0,6
BRDA:177,28,1,4
BRDA:181,29,0,3
BRDA:181,29,1,2
BRDA:184,30,0,3
BRDA:184,30,1,0
BRDA:184,31,0,3
BRDA:184,31,1,1
BRDA:188,32,0,3
BRDA:188,32,1,2
BRDA:191,33,0,0
BRDA:191,33,1,0
BRDA:191,34,0,0
BRDA:191,34,1,0
BRDA:195,35,0,0
BRDA:195,35,1,0
BRDA:198,36,0,0
BRDA:198,36,1,0
BRDA:198,37,0,0
BRDA:198,37,1,0
BRDA:202,38,0,0
BRDA:202,38,1,0
BRDA:209,39,0,3
BRDA:209,39,1,53
BRDA:210,40,0,56
BRDA:210,40,1,53
BRDA:215,41,0,2
BRDA:215,41,1,1
BRDA:215,42,0,3
BRDA:215,42,1,3
BRDA:216,43,0,1
BRDA:216,43,1,1
BRDA:216,44,0,2
BRDA:216,44,1,1
BRDA:232,45,0,3
BRDA:232,45,1,51
BRDA:233,46,0,54
BRDA:233,46,1,51
BRDA:242,47,0,3
BRDA:242,47,1,0
BRDA:242,48,0,3
BRDA:242,48,1,3
BRDA:242,48,2,2
BRDA:245,49,0,1
BRDA:245,49,1,2
BRDA:248,50,0,1
BRDA:248,50,1,2
BRDA:254,51,0,2
BRDA:254,51,1,0
BRDA:255,52,0,1
BRDA:255,52,1,1
BRDA:272,53,0,2
BRDA:272,53,1,49
BRDA:272,54,0,51
BRDA:272,54,1,49
BRDA:274,55,0,2
BRDA:274,55,1,0
BRDA:283,56,0,4
BRDA:283,56,1,45
BRDA:283,57,0,49
BRDA:283,57,1,45
BRDA:292,58,0,2
BRDA:292,58,1,2
BRDA:292,59,0,4
BRDA:292,59,1,3
BRDA:295,60,0,2
BRDA:295,60,1,0
BRDA:310,61,0,8
BRDA:310,61,1,39
BRDA:315,62,0,8
BRDA:315,62,1,0
BRDA:316,63,0,6
BRDA:316,63,1,2
BRDA:316,64,0,8
BRDA:316,64,1,8
BRDA:325,65,0,1
BRDA:325,65,1,1
BRDA:325,66,0,2
BRDA:325,66,1,1
BRDA:340,67,0,4
BRDA:340,67,1,36
BRDA:340,68,0,40
BRDA:340,68,1,36
BRDA:343,69,0,2
BRDA:343,69,1,2
BRDA:343,70,0,4
BRDA:343,70,1,2
BRDA:353,71,0,2
BRDA:353,71,1,0
BRDA:369,72,0,1
BRDA:369,72,1,35
BRDA:383,73,0,12
BRDA:383,73,1,23
BRDA:383,74,0,35
BRDA:383,74,1,31
BRDA:385,75,0,19
BRDA:385,75,1,19
BRDA:390,76,0,5
BRDA:390,76,1,7
BRDA:393,77,0,4
BRDA:393,77,1,1
BRDA:393,78,0,5
BRDA:393,78,1,4
BRDA:403,79,0,4
BRDA:403,79,1,4
BRDA:405,80,0,4
BRDA:405,80,1,0
BRDA:405,81,0,4
BRDA:405,81,1,4
BRDA:418,82,0,4
BRDA:418,82,1,19
BRDA:424,83,0,25
BRDA:424,83,1,1
BRDA:432,84,0,1
BRDA:432,84,1,1
BRDA:432,84,2,1
BRDA:465,85,0,0
BRDA:465,85,1,0
BRDA:467,86,0,0
BRDA:467,86,1,0
BRDA:467,86,2,0
BRDA:467,86,3,0
BRDA:467,86,4,0
BRDA:467,86,5,0
BRDA:467,86,6,0
BRDA:467,86,7,0
BRDA:467,86,8,0
BRDA:467,86,9,0
BRDA:467,86,10,0
BRDA:467,86,11,0
BRDA:467,86,12,0
BRDA:473,87,0,0
BRDA:473,87,1,0
BRDA:485,88,0,0
BRDA:485,88,1,0
BRDA:506,89,0,0
BRDA:506,89,1,0
BRDA:512,90,0,0
BRDA:512,90,1,0
BRDA:512,91,0,0
BRDA:512,91,1,0
BRDA:514,92,0,0
BRDA:514,92,1,0
BRDA:514,93,0,0
BRDA:514,93,1,0
BRDA:527,94,0,31
BRDA:527,94,1,5
BRDA:533,95,0,2
BRDA:533,95,1,3
BRDA:533,96,0,5
BRDA:533,96,1,4
BRDA:537,97,0,1
BRDA:537,97,1,2
BRDA:544,98,0,1
BRDA:544,98,1,1
BRDA:544,99,0,2
BRDA:544,99,1,1
BRDA:553,100,0,0
BRDA:553,100,1,1
BRDA:554,101,0,0
BRDA:554,101,1,0
BRDA:574,102,0,0
BRDA:574,102,1,0
BRF:222
BRH:160
end_of_record
TN:
SF:src/lib/strings/errors.ts
FN:3,cleanError
FN:36,isNetworkError
FNF:2
FNH:2
FNDA:17,cleanError
FNDA:28,isNetworkError
DA:4,17
DA:5,3
DA:7,14
DA:8,1
DA:10,14
DA:11,5
DA:13,9
DA:18,3
DA:20,6
DA:21,1
DA:23,5
DA:24,3
DA:26,2
DA:29,7
DA:37,28
DA:38,28
DA:39,98
DA:40,7
DA:43,21
LF:19
LH:19
BRDA:4,0,0,3
BRDA:4,0,1,14
BRDA:7,1,0,1
BRDA:7,1,1,13
BRDA:10,2,0,5
BRDA:10,2,1,9
BRDA:13,3,0,3
BRDA:13,3,1,6
BRDA:14,4,0,9
BRDA:14,4,1,8
BRDA:14,4,2,7
BRDA:20,5,0,1
BRDA:20,5,1,5
BRDA:23,6,0,3
BRDA:23,6,1,2
BRDA:39,7,0,7
BRDA:39,7,1,91
BRF:17
BRH:17
end_of_record
TN:
SF:src/lib/strings/handles.ts
FN:10,makeValidHandle
FN:18,createFullHandle
FN:24,isInvalidHandle
FN:28,sanitizeHandle
FN:43,validateServiceHandle
FNF:5
FNH:3
FNDA:6,makeValidHandle
FNDA:20,createFullHandle
FNDA:0,isInvalidHandle
FNDA:0,sanitizeHandle
FNDA:17,validateServiceHandle
DA:6,4
DA:8,4
DA:11,6
DA:12,2
DA:14,6
DA:15,6
DA:19,20
DA:20,20
DA:21,20
DA:25,0
DA:29,0
DA:47,17
DA:49,17
DA:57,17
LF:14
LH:12
BRDA:11,0,0,2
BRDA:11,0,1,4
BRDA:19,1,0,20
BRDA:19,1,1,0
BRDA:20,2,0,20
BRDA:20,2,1,0
BRDA:28,3,0,0
BRDA:29,4,0,0
BRDA:29,4,1,0
BRDA:51,5,0,17
BRDA:51,5,1,17
BRDA:51,5,2,13
BRDA:52,6,0,17
BRDA:52,6,1,16
BRDA:53,7,0,17
BRDA:53,7,1,15
BRF:16
BRH:11
end_of_record
TN:
SF:src/lib/strings/helpers.ts
FN:4,enforceLen
FN:29,useEnforceMaxGraphemeCount
FN:44,useWarnMaxGraphemeCount
FN:51,(anonymous_3)
FN:53,(anonymous_4)
FN:59,toHashCode
FN:75,countLines
FN:81,augmentSearchQuery
FN:94,(anonymous_8)
FNF:9
FNH:9
FNDA:9,enforceLen
FNDA:1,useEnforceMaxGraphemeCount
FNDA:2,useWarnMaxGraphemeCount
FNDA:1,(anonymous_3)
FNDA:2,(anonymous_4)
FNDA:6,toHashCode
FNDA:3,countLines
FNDA:3,augmentSearchQuery
FNDA:4,(anonymous_8)
DA:10,9
DA:11,9
DA:12,5
DA:13,3
DA:14,1
DA:15,2
DA:16,1
DA:17,1
DA:20,1
DA:23,2
DA:26,4
DA:30,1
DA:33,1
DA:51,2
DA:53,2
DA:54,2
DA:60,6
DA:61,6
DA:62,6
DA:63,30
DA:64,30
DA:65,30
DA:67,6
DA:68,6
DA:69,6
DA:70,6
DA:72,6
DA:76,3
DA:77,2
DA:83,3
DA:84,1
DA:91,2
DA:93,2
DA:95,4
DA:96,3
DA:99,1
LF:36
LH:36
BRDA:7,0,0,6
BRDA:8,1,0,7
BRDA:10,2,0,9
BRDA:10,2,1,2
BRDA:11,3,0,5
BRDA:11,3,1,4
BRDA:12,4,0,3
BRDA:12,4,1,2
BRDA:13,5,0,1
BRDA:13,5,1,2
BRDA:15,6,0,1
BRDA:15,6,1,1
BRDA:59,7,0,4
BRDA:76,8,0,1
BRDA:76,8,1,2
BRDA:77,9,0,2
BRDA:77,9,1,1
BRDA:83,10,0,1
BRDA:83,10,1,2
BRDA:95,11,0,3
BRDA:95,11,1,1
BRF:21
BRH:21
end_of_record
TN:
SF:src/lib/strings/mention-manip.ts
FN:6,getMentionAt
FN:25,insertMentionAt
FNF:2
FNH:2
FNDA:52,getMentionAt
FNDA:26,insertMentionAt
DA:10,52
DA:12,52
DA:13,48
DA:14,48
DA:15,48
DA:19,30
DA:22,22
DA:30,26
DA:31,26
DA:32,15
DA:36,11
LF:11
LH:11
BRDA:15,0,0,30
BRDA:15,0,1,18
BRDA:16,1,0,48
BRDA:16,1,1,36
BRDA:31,2,0,15
BRDA:31,2,1,11
BRF:6
BRH:6
end_of_record
TN:
SF:src/lib/strings/rich-text-detection.ts
FN:7,detectLinkables
FNF:1
FNH:1
FNDA:37,detectLinkables
DA:9,37
DA:10,37
DA:12,37
DA:13,37
DA:14,44
DA:15,44
DA:17,44
DA:18,6
DA:21,38
DA:26,28
DA:27,28
DA:31,38
DA:32,3
DA:34,38
DA:35,1
DA:38,38
DA:39,28
DA:41,38
DA:42,38
DA:44,37
DA:45,26
DA:47,37
LF:22
LH:22
BRDA:17,0,0,6
BRDA:17,0,1,38
BRDA:17,1,0,44
BRDA:17,1,1,15
BRDA:21,2,0,28
BRDA:21,2,1,10
BRDA:31,3,0,3
BRDA:31,3,1,35
BRDA:34,4,0,1
BRDA:34,4,1,37
BRDA:34,5,0,38
BRDA:34,5,1,2
BRDA:38,6,0,28
BRDA:38,6,1,10
BRDA:44,7,0,26
BRDA:44,7,1,11
BRF:16
BRH:16
end_of_record
TN:
SF:src/lib/strings/rich-text-manip.ts
FN:5,shortenLinks
FN:36,stripInvalidMentions
FN:42,(anonymous_2)
FNF:3
FNH:1
FNDA:5,shortenLinks
FNDA:0,stripInvalidMentions
FNDA:0,(anonymous_2)
DA:6,5
DA:7,0
DA:9,5
DA:11,5
DA:12,5
DA:13,6
DA:14,6
DA:15,0
DA:19,6
DA:20,6
DA:21,6
DA:24,6
DA:26,6
DA:27,6
DA:29,6
DA:32,5
DA:37,0
DA:38,0
DA:40,0
DA:41,0
DA:42,0
DA:43,0
DA:44,0
DA:45,0
DA:47,0
DA:50,0
LF:26
LH:14
BRDA:6,0,0,0
BRDA:6,0,1,5
BRDA:11,1,0,5
BRDA:11,1,1,0
BRDA:14,2,0,0
BRDA:14,2,1,6
BRDA:37,3,0,0
BRDA:37,3,1,0
BRDA:41,4,0,0
BRDA:41,4,1,0
BRDA:44,5,0,0
BRDA:44,5,1,0
BRDA:44,6,0,0
BRDA:44,6,1,0
BRF:14
BRH:3
end_of_record
TN:
SF:src/lib/strings/starter-pack.ts
FN:5,createStarterPackLinkFromAndroidReferrer
FN:29,parseStarterPackUri
FN:64,createStarterPackGooglePlayUri
FN:72,httpStarterPackUriToAtUri
FN:83,getStarterPackOgCard
FN:95,createStarterPackUri
FN:105,startUriToStarterPackUri
FNF:7
FNH:3
FNDA:10,createStarterPackLinkFromAndroidReferrer
FNDA:13,parseStarterPackUri
FNDA:4,createStarterPackGooglePlayUri
FNDA:0,httpStarterPackUriToAtUri
FNDA:0,getStarterPackOgCard
FNDA:0,createStarterPackUri
FNDA:0,startUriToStarterPackUri
DA:8,10
DA:10,10
DA:11,10
DA:12,10
DA:14,10
DA:15,9
DA:18,4
DA:20,4
DA:21,4
DA:23,4
DA:25,0
DA:33,13
DA:35,12
DA:36,12
DA:37,3
DA:38,3
DA:39,2
DA:40,1
DA:45,1
DA:47,9
DA:48,9
DA:49,9
DA:51,9
DA:52,6
DA:53,5
DA:54,5
DA:60,0
DA:68,4
DA:69,1
DA:73,0
DA:75,0
DA:76,0
DA:78,0
DA:80,0
DA:87,0
DA:88,0
DA:90,0
DA:91,0
DA:102,0
DA:106,0
LF:40
LH:27
BRDA:14,0,0,1
BRDA:14,0,1,9
BRDA:15,1,0,5
BRDA:15,1,1,4
BRDA:20,2,0,0
BRDA:20,2,1,4
BRDA:21,3,0,0
BRDA:21,3,1,4
BRDA:33,4,0,1
BRDA:33,4,1,12
BRDA:36,5,0,3
BRDA:36,5,1,9
BRDA:38,6,0,1
BRDA:38,6,1,2
BRDA:39,7,0,1
BRDA:39,7,1,1
BRDA:51,8,0,3
BRDA:51,8,1,6
BRDA:52,9,0,1
BRDA:52,9,1,5
BRDA:52,10,0,6
BRDA:52,10,1,5
BRDA:53,11,0,0
BRDA:53,11,1,5
BRDA:53,12,0,5
BRDA:53,12,1,5
BRDA:68,13,0,3
BRDA:68,13,1,1
BRDA:68,14,0,4
BRDA:68,14,1,2
BRDA:73,15,0,0
BRDA:73,15,1,0
BRDA:76,16,0,0
BRDA:76,16,1,0
BRDA:78,17,0,0
BRDA:78,17,1,0
BRDA:87,18,0,0
BRDA:87,18,1,0
BRF:38
BRH:27
end_of_record
TN:
SF:src/lib/strings/time.ts
FN:3,niceDate
FN:12,getAge
FN:27,getDateAgo
FN:36,simpleAreDatesEqual
FNF:4
FNH:4
FNDA:3,niceDate
FNDA:2,getAge
FNDA:1,getDateAgo
FNDA:4,simpleAreDatesEqual
DA:4,3
DA:6,3
DA:13,2
DA:14,2
DA:15,2
DA:16,2
DA:17,1
DA:19,2
DA:28,1
DA:29,1
DA:30,1
DA:37,4
LF:12
LH:12
BRDA:16,0,0,1
BRDA:16,0,1,1
BRDA:16,1,0,2
BRDA:16,1,1,2
BRDA:16,1,2,2
BRDA:38,2,0,4
BRDA:38,2,1,3
BRDA:38,2,2,2
BRF:8
BRH:8
end_of_record
TN:
SF:src/lib/strings/url-helpers.ts
FN:29,isValidDomain
FN:30,(anonymous_1)
FN:39,makeRecordUri
FN:51,toNiceDomain
FN:63,toShortUrl
FN:80,toShareUrl
FN:89,toBskyAppUrl
FN:93,isBskyAppUrl
FN:97,isRelativeUrl
FN:101,isBskyRSSUrl
FN:108,isExternalUrl
FN:114,isTrustedUrl
FN:118,isBskyPostUrl
FN:130,isBskyCustomFeedUrl
FN:142,isBskyListUrl
FN:156,isBskyStartUrl
FN:168,isBskyStarterPackUrl
FN:180,isBskyDownloadUrl
FN:187,convertBskyAppUrlIfNeeded
FN:207,listUriToHref
FN:216,feedUriToHref
FN:225,postUriToRelativePath
FN:247,linkRequiresWarning
FN:281,labelToDomain
FN:295,isPossiblyAUrl
FN:307,splitApexDomain
FN:318,createBskyAppAbsoluteUrl
FN:323,createProxiedUrl
FN:338,isShortLink
FN:342,shortLinkToHref
FN:358,getHostnameFromUrl
FN:368,getServiceAuthAudFromUrl
FN:377,definitelyUrl
FNF:33
FNH:20
FNDA:37,isValidDomain
FNDA:31110,(anonymous_1)
FNDA:1,makeRecordUri
FNDA:4,toNiceDomain
FNDA:12,toShortUrl
FNDA:3,toShareUrl
FNDA:0,toBskyAppUrl
FNDA:10,isBskyAppUrl
FNDA:43,isRelativeUrl
FNDA:4,isBskyRSSUrl
FNDA:4,isExternalUrl
FNDA:60,isTrustedUrl
FNDA:0,isBskyPostUrl
FNDA:0,isBskyCustomFeedUrl
FNDA:0,isBskyListUrl
FNDA:0,isBskyStartUrl
FNDA:3,isBskyStarterPackUrl
FNDA:0,isBskyDownloadUrl
FNDA:0,convertBskyAppUrlIfNeeded
FNDA:0,listUriToHref
FNDA:0,feedUriToHref
FNDA:0,postUriToRelativePath
FNDA:40,linkRequiresWarning
FNDA:43,labelToDomain
FNDA:28,isPossiblyAUrl
FNDA:10,splitApexDomain
FNDA:0,createBskyAppAbsoluteUrl
FNDA:1,createProxiedUrl
FNDA:3,isShortLink
FNDA:1,shortLinkToHref
FNDA:0,getHostnameFromUrl
FNDA:0,getServiceAuthAudFromUrl
FNDA:3,definitelyUrl
DA:10,3
DA:11,3
DA:23,3
DA:30,37
DA:31,31110
DA:32,31110
DA:33,30999
DA:35,111
DA:44,1
DA:45,1
DA:46,1
DA:47,1
DA:48,1
DA:52,4
DA:53,4
DA:54,3
DA:55,1
DA:57,2
DA:59,1
DA:64,12
DA:65,12
DA:66,12
DA:67,0
DA:70,12
DA:71,12
DA:72,9
DA:74,3
DA:76,0
DA:81,3
DA:82,2
DA:83,2
DA:84,2
DA:86,3
DA:90,0
DA:94,10
DA:98,43
DA:102,4
DA:109,4
DA:110,4
DA:111,4
DA:115,60
DA:119,0
DA:120,0
DA:121,0
DA:122,0
DA:127,0
DA:131,0
DA:132,0
DA:133,0
DA:134,0
DA:139,0
DA:143,0
DA:144,0
DA:145,0
DA:146,0
DA:150,0
DA:153,0
DA:157,0
DA:158,0
DA:159,0
DA:160,0
DA:162,0
DA:165,0
DA:169,3
DA:170,3
DA:171,3
DA:172,3
DA:174,0
DA:177,0
DA:181,0
DA:182,0
DA:184,0
DA:188,0
DA:189,0
DA:190,0
DA:192,0
DA:193,0
DA:196,0
DA:198,0
DA:200,0
DA:202,0
DA:204,0
DA:208,0
DA:209,0
DA:210,0
DA:212,0
DA:217,0
DA:218,0
DA:219,0
DA:221,0
DA:229,0
DA:230,0
DA:232,0
DA:235,0
DA:237,0
DA:248,40
DA:251,40
DA:252,2
DA:256,38
DA:257,38
DA:259,2
DA:262,36
DA:263,36
DA:265,14
DA:268,22
DA:269,3
DA:271,19
DA:283,43
DA:284,7
DA:286,36
DA:287,36
DA:289,18
DA:290,18
DA:292,2
DA:296,28
DA:297,28
DA:298,6
DA:300,22
DA:301,4
DA:303,18
DA:304,18
DA:308,10
DA:309,10
DA:310,4
DA:312,6
DA:319,0
DA:320,0
DA:325,1
DA:326,1
DA:328,0
DA:331,1
DA:332,0
DA:335,1
DA:339,3
DA:343,1
DA:344,1
DA:347,1
DA:348,1
DA:349,1
DA:351,0
DA:353,0
DA:354,0
DA:360,0
DA:361,0
DA:363,0
DA:365,0
DA:369,0
DA:370,0
DA:371,0
DA:373,0
DA:378,3
DA:379,3
DA:382,3
DA:383,3
DA:386,3
DA:389,3
DA:390,3
DA:393,3
DA:395,2
DA:398,2
DA:400,2
DA:402,0
LF:162
LH:93
BRDA:16,0,0,3
BRDA:16,0,1,0
BRDA:32,1,0,30999
BRDA:32,1,1,111
BRDA:35,2,0,111
BRDA:35,2,1,48
BRDA:54,3,0,1
BRDA:54,3,1,2
BRDA:57,4,0,2
BRDA:57,4,1,0
BRDA:66,5,0,0
BRDA:66,5,1,12
BRDA:66,6,0,12
BRDA:66,6,1,12
BRDA:70,7,0,1
BRDA:70,7,1,11
BRDA:71,8,0,9
BRDA:71,8,1,3
BRDA:81,9,0,2
BRDA:81,9,1,1
BRDA:103,10,0,4
BRDA:103,10,1,3
BRDA:103,10,2,2
BRDA:109,11,0,4
BRDA:109,11,1,3
BRDA:111,12,0,4
BRDA:111,12,1,3
BRDA:119,13,0,0
BRDA:119,13,1,0
BRDA:131,14,0,0
BRDA:131,14,1,0
BRDA:143,15,0,0
BRDA:143,15,1,0
BRDA:157,16,0,0
BRDA:157,16,1,0
BRDA:169,17,0,3
BRDA:169,17,1,0
BRDA:181,18,0,0
BRDA:181,18,1,0
BRDA:184,19,0,0
BRDA:184,19,1,0
BRDA:188,20,0,0
BRDA:188,20,1,0
BRDA:192,21,0,0
BRDA:192,21,1,0
BRDA:200,22,0,0
BRDA:200,22,1,0
BRDA:232,23,0,0
BRDA:232,23,1,0
BRDA:232,24,0,0
BRDA:232,24,1,0
BRDA:251,25,0,2
BRDA:251,25,1,38
BRDA:251,26,0,40
BRDA:251,26,1,39
BRDA:263,27,0,14
BRDA:263,27,1,22
BRDA:265,28,0,14
BRDA:265,28,1,11
BRDA:265,28,2,6
BRDA:268,29,0,3
BRDA:268,29,1,19
BRDA:283,30,0,7
BRDA:283,30,1,36
BRDA:297,31,0,6
BRDA:297,31,1,22
BRDA:300,32,0,4
BRDA:300,32,1,18
BRDA:309,33,0,4
BRDA:309,33,1,6
BRDA:309,34,0,10
BRDA:309,34,1,9
BRDA:309,34,2,6
BRDA:313,35,0,4
BRDA:313,35,1,2
BRDA:331,36,0,0
BRDA:331,36,1,1
BRDA:331,37,0,1
BRDA:331,37,1,1
BRDA:348,38,0,1
BRDA:348,38,1,0
BRDA:370,39,0,0
BRDA:370,39,1,0
BRDA:379,40,0,0
BRDA:379,40,1,3
BRDA:382,41,0,3
BRDA:382,41,1,0
BRDA:382,42,0,3
BRDA:382,42,1,3
BRDA:393,43,0,1
BRDA:393,43,1,2
BRDA:398,44,0,0
BRDA:398,44,1,2
BRF:93
BRH:60
end_of_record
TN:
SF:src/locale/deviceLocales.ts
FN:23,getLocales
FN:75,(anonymous_1)
FNF:2
FNH:2
FNDA:6,getLocales
FNDA:3,(anonymous_1)
DA:24,6
DA:25,6
DA:27,6
DA:28,10
DA:29,10
DA:31,1
DA:33,10
DA:35,1
DA:37,10
DA:39,1
DA:43,10
DA:44,10
DA:49,2
DA:51,10
DA:56,2
DA:61,10
DA:64,6
DA:67,4
DA:74,4
DA:75,3
LF:20
LH:20
BRDA:24,0,0,6
BRDA:24,0,1,1
BRDA:28,1,0,10
BRDA:28,1,1,0
BRDA:29,2,0,1
BRDA:29,2,1,9
BRDA:33,3,0,1
BRDA:33,3,1,9
BRDA:37,4,0,1
BRDA:37,4,1,9
BRDA:43,5,0,10
BRDA:43,5,1,0
BRDA:44,6,0,2
BRDA:44,6,1,8
BRDA:45,7,0,10
BRDA:45,7,1,9
BRDA:51,8,0,2
BRDA:51,8,1,8
BRDA:52,9,0,10
BRDA:52,9,1,9
BRF:20
BRH:18
end_of_record
TN:
SF:src/locale/helpers.ts
FN:13,code2ToCode3
FN:20,code3ToCode2
FN:27,code3ToCode2Strict
FN:35,getLocalizedLanguage
FN:59,languageName
FN:68,codeToLanguageName
FN:75,getPostLanguage
FN:108,(anonymous_7)
FN:119,isPostInLanguage
FN:131,getTranslatorLink
FN:151,sanitizeAppLanguageSetting
FN:249,fixLegacyLanguageCode
FN:271,findSupportedAppLanguage
FNF:13
FNH:12
FNDA:3,code2ToCode3
FNDA:9,code3ToCode2
FNDA:3,code3ToCode2Strict
FNDA:4,getLocalizedLanguage
FNDA:5,languageName
FNDA:3,codeToLanguageName
FNDA:6,getPostLanguage
FNDA:0,(anonymous_7)
FNDA:3,isPostInLanguage
FNDA:1,getTranslatorLink
FNDA:10,sanitizeAppLanguageSetting
FNDA:16,fixLegacyLanguageCode
FNDA:7,findSupportedAppLanguage
DA:14,3
DA:15,2
DA:17,1
DA:21,9
DA:22,7
DA:24,2
DA:28,3
DA:29,2
DA:32,1
DA:39,4
DA:40,4
DA:45,4
DA:47,4
DA:49,4
DA:53,0
DA:54,0
DA:61,5
DA:62,1
DA:65,4
DA:69,3
DA:70,3
DA:72,3
DA:78,6
DA:79,6
DA:80,6
DA:81,6
DA:84,6
DA:89,0
DA:93,6
DA:94,0
DA:98,6
DA:99,3
DA:103,3
DA:106,3
DA:107,0
DA:109,0
DA:114,3
DA:115,3
DA:123,3
DA:124,3
DA:126,1
DA:128,2
DA:132,1
DA:152,10
DA:154,10
DA:155,11
DA:157,3
DA:159,0
DA:161,0
DA:163,0
DA:165,0
DA:167,0
DA:169,0
DA:171,1
DA:173,0
DA:175,0
DA:177,0
DA:179,0
DA:181,0
DA:183,0
DA:185,0
DA:187,0
DA:189,0
DA:191,0
DA:193,1
DA:195,0
DA:197,0
DA:199,1
DA:201,0
DA:203,0
DA:205,0
DA:207,0
DA:209,1
DA:211,0
DA:213,0
DA:215,1
DA:217,0
DA:219,0
DA:221,0
DA:223,0
DA:225,0
DA:227,0
DA:229,1
DA:231,0
DA:233,0
DA:235,0
DA:237,2
DA:240,1
DA:250,16
DA:252,1
DA:254,15
DA:256,1
DA:258,14
DA:260,1
DA:262,13
DA:272,7
DA:273,7
DA:274,11
DA:275,5
DA:276,2
DA:279,5
LF:101
LH:62
BRDA:14,0,0,2
BRDA:14,0,1,1
BRDA:15,1,0,2
BRDA:15,1,1,1
BRDA:21,2,0,7
BRDA:21,2,1,2
BRDA:22,3,0,7
BRDA:22,3,1,2
BRDA:28,4,0,2
BRDA:28,4,1,1
BRDA:47,5,0,4
BRDA:47,5,1,0
BRDA:53,6,0,0
BRDA:53,6,1,0
BRDA:61,7,0,1
BRDA:61,7,1,4
BRDA:65,8,0,4
BRDA:65,8,1,0
BRDA:72,9,0,2
BRDA:72,9,1,1
BRDA:80,10,0,6
BRDA:80,10,1,0
BRDA:80,11,0,6
BRDA:80,11,1,6
BRDA:84,12,0,0
BRDA:84,12,1,6
BRDA:85,13,0,6
BRDA:85,13,1,0
BRDA:85,13,2,0
BRDA:93,14,0,0
BRDA:93,14,1,6
BRDA:98,15,0,3
BRDA:98,15,1,3
BRDA:106,16,0,0
BRDA:106,16,1,3
BRDA:114,17,0,3
BRDA:114,17,1,0
BRDA:124,18,0,1
BRDA:124,18,1,2
BRDA:155,19,0,3
BRDA:155,19,1,0
BRDA:155,19,2,0
BRDA:155,19,3,0
BRDA:155,19,4,0
BRDA:155,19,5,0
BRDA:155,19,6,0
BRDA:155,19,7,1
BRDA:155,19,8,0
BRDA:155,19,9,0
BRDA:155,19,10,0
BRDA:155,19,11,0
BRDA:155,19,12,0
BRDA:155,19,13,0
BRDA:155,19,14,0
BRDA:155,19,15,0
BRDA:155,19,16,0
BRDA:155,19,17,0
BRDA:155,19,18,1
BRDA:155,19,19,0
BRDA:155,19,20,0
BRDA:155,19,21,1
BRDA:155,19,22,0
BRDA:155,19,23,0
BRDA:155,19,24,0
BRDA:155,19,25,0
BRDA:155,19,26,1
BRDA:155,19,27,0
BRDA:155,19,28,0
BRDA:155,19,29,1
BRDA:155,19,30,0
BRDA:155,19,31,0
BRDA:155,19,32,0
BRDA:155,19,33,0
BRDA:155,19,34,0
BRDA:155,19,35,0
BRDA:155,19,36,1
BRDA:155,19,37,0
BRDA:155,19,38,0
BRDA:155,19,39,0
BRDA:155,19,40,2
BRDA:250,20,0,1
BRDA:250,20,1,15
BRDA:254,21,0,1
BRDA:254,21,1,14
BRDA:258,22,0,1
BRDA:258,22,1,13
BRDA:274,23,0,6
BRDA:274,23,1,5
BRDA:275,24,0,2
BRDA:275,24,1,3
BRF:90
BRH:46
end_of_record
TN:
SF:src/locale/languages.ts
FN:635,(anonymous_0)
FN:639,(anonymous_1)
FNF:2
FNH:2
FNDA:1515,(anonymous_0)
FNDA:1515,(anonymous_1)
DA:55,3
DA:98,3
DA:634,3
DA:635,1515
DA:638,3
DA:639,1515
DA:642,3
DA:643,3
LF:8
LH:8
BRDA:642,0,0,3
BRDA:642,0,1,0
BRF:2
BRH:1
end_of_record
TN:
SF:src/logger/index.ts
FN:13,configureTransports
FN:40,(anonymous_1)
FN:52,(anonymous_2)
FN:69,(anonymous_3)
FN:74,(anonymous_4)
FN:78,(anonymous_5)
FN:82,(anonymous_6)
FN:86,(anonymous_7)
FN:90,(anonymous_8)
FN:94,(anonymous_9)
FN:113,(anonymous_10)
FN:115,(anonymous_11)
FN:120,(anonymous_12)
FN:133,(anonymous_13)
FNF:14
FNH:12
FNDA:6,configureTransports
FNDA:8,(anonymous_1)
FNDA:34,(anonymous_2)
FNDA:34,(anonymous_3)
FNDA:14,(anonymous_4)
FNDA:56,(anonymous_5)
FNDA:0,(anonymous_6)
FNDA:20,(anonymous_7)
FNDA:4,(anonymous_8)
FNDA:0,(anonymous_9)
FNDA:24,(anonymous_10)
FNDA:4,(anonymous_11)
FNDA:94,(anonymous_12)
FNDA:4,(anonymous_13)
DA:13,6
DA:14,6
DA:16,0
DA:21,6
DA:24,0
DA:30,6
DA:31,6
DA:34,34
DA:35,34
DA:37,34
DA:38,34
DA:41,8
DA:46,8
DA:47,0
DA:49,8
DA:61,34
DA:62,34
DA:63,34
DA:64,34
DA:65,6
DA:67,34
DA:70,34
DA:75,14
DA:79,56
DA:83,0
DA:87,20
DA:91,4
DA:104,0
DA:108,0
DA:109,0
DA:114,24
DA:115,24
DA:116,4
DA:129,94
DA:133,4
DA:135,2
DA:137,92
DA:138,92
DA:141,92
DA:150,92
DA:152,80
DA:153,32
DA:169,6
LF:43
LH:36
BRDA:14,0,0,0
BRDA:14,0,1,6
BRDA:14,0,2,0
BRDA:16,1,0,0
BRDA:16,1,1,0
BRDA:44,2,0,8
BRDA:44,2,1,8
BRDA:52,3,0,2
BRDA:62,4,0,34
BRDA:62,4,1,18
BRDA:63,5,0,34
BRDA:63,5,1,28
BRDA:64,6,0,6
BRDA:64,6,1,28
BRDA:67,7,0,34
BRDA:67,7,1,28
BRDA:74,8,0,8
BRDA:78,9,0,31
BRDA:82,10,0,0
BRDA:86,11,0,10
BRDA:90,12,0,4
BRDA:97,13,0,0
BRDA:123,14,0,0
BRDA:129,15,0,2
BRDA:129,15,1,92
BRDA:130,16,0,94
BRDA:130,16,1,14
BRDA:130,16,2,4
BRDA:130,16,3,4
BRDA:138,17,0,92
BRDA:138,17,1,8
BRDA:150,18,0,12
BRDA:150,18,1,80
BRF:33
BRH:26
end_of_record
TN:
SF:src/logger/logDump.ts
FN:14,add
FN:19,getEntries
FNF:2
FNH:2
FNDA:98,add
FNDA:2,getEntries
DA:12,8
DA:15,98
DA:16,98
DA:20,2
LF:4
LH:4
BRF:0
BRH:0
end_of_record
TN:
SF:src/logger/types.ts
FNF:0
FNH:0
LF:0
LH:0
BRF:0
BRH:0
end_of_record
TN:
SF:src/logger/util.ts
FN:19,prepareMetadata
FN:22,(anonymous_1)
FNF:2
FNH:2
FNDA:12,prepareMetadata
FNDA:6,(anonymous_1)
DA:5,6
DA:22,12
DA:23,6
DA:24,6
DA:25,2
DA:27,6
LF:6
LH:6
BRDA:24,0,0,2
BRDA:24,0,1,4
BRF:2
BRH:2
end_of_record
TN:
SF:src/logger/sentry/lib/index.ts
FNF:0
FNH:0
LF:0
LH:0
BRF:0
BRH:0
end_of_record
TN:
SF:src/logger/transports/bitdrift.ts
FN:13,(anonymous_0)
FNF:1
FNH:1
FNDA:5,(anonymous_0)
DA:5,7
DA:13,7
DA:19,5
DA:20,5
LF:4
LH:4
BRF:0
BRH:0
end_of_record
TN:
SF:src/logger/transports/console.ts
FN:10,(anonymous_0)
FN:76,withColor
FN:81,(anonymous_2)
FNF:3
FNH:3
FNDA:3,(anonymous_0)
FNDA:3,withColor
FNDA:6,(anonymous_2)
DA:10,7
DA:17,3
DA:18,3
DA:28,3
DA:29,3
DA:30,3
DA:32,3
DA:33,3
DA:36,3
DA:37,3
DA:38,1
DA:39,1
DA:40,1
DA:42,2
DA:44,3
DA:46,1
DA:49,0
DA:50,0
DA:52,0
DA:53,0
DA:55,0
DA:67,7
DA:77,3
DA:78,3
DA:79,3
DA:81,3
DA:82,6
DA:84,6
LF:28
LH:23
BRDA:29,0,0,3
BRDA:29,0,1,0
BRDA:32,1,0,3
BRDA:32,1,1,0
BRDA:36,2,0,3
BRDA:36,2,1,0
BRDA:37,3,0,1
BRDA:37,3,1,2
BRDA:44,4,0,1
BRDA:44,4,1,2
BRDA:49,5,0,0
BRDA:49,5,1,0
BRDA:53,6,0,0
BRDA:53,6,1,0
BRDA:82,7,0,0
BRDA:82,7,1,6
BRDA:86,8,0,0
BRDA:86,8,1,6
BRF:18
BRH:9
end_of_record
TN:
SF:src/logger/transports/sentry.ts
FN:6,(anonymous_0)
FN:79,queueMessageForSentry
FN:87,(anonymous_2)
FN:94,sendQueuedMessages
FNF:4
FNH:4
FNDA:12,(anonymous_0)
FNDA:4,queueMessageForSentry
FNDA:4,(anonymous_2)
FNDA:4,sendQueuedMessages
DA:6,6
DA:13,12
DA:17,12
DA:18,12
DA:27,12
DA:28,10
DA:38,10
DA:48,10
DA:49,0
DA:56,10
DA:58,4
DA:68,2
DA:76,6
DA:77,6
DA:83,4
DA:84,4
DA:87,4
DA:88,4
DA:89,4
DA:95,4
DA:96,4
DA:97,4
DA:98,4
LF:23
LH:22
BRDA:17,0,0,12
BRDA:17,0,1,10
BRDA:27,1,0,10
BRDA:27,1,1,2
BRDA:42,2,0,10
BRDA:42,2,1,8
BRDA:48,3,0,0
BRDA:48,3,1,10
BRDA:56,4,0,4
BRDA:56,4,1,6
BRDA:56,5,0,10
BRDA:56,5,1,10
BRDA:56,5,2,8
BRDA:84,6,0,4
BRDA:84,6,1,0
BRDA:97,7,0,4
BRDA:97,7,1,0
BRF:17
BRH:14
end_of_record
TN:
SF:src/screens/Search/utils.ts
FN:3,parseSearchQuery
FN:21,(anonymous_1)
FN:26,(anonymous_2)
FN:34,makeSearchQuery
FN:38,(anonymous_4)
FN:39,(anonymous_5)
FNF:6
FNH:3
FNDA:7,parseSearchQuery
FNDA:5,(anonymous_1)
FNDA:3,(anonymous_2)
FNDA:0,makeSearchQuery
FNDA:0,(anonymous_4)
FNDA:0,(anonymous_5)
DA:4,7
DA:5,7
DA:8,7
DA:9,3
DA:13,7
DA:15,7
DA:16,5
DA:19,7
DA:21,7
DA:22,5
DA:23,5
DA:24,5
DA:26,7
DA:28,7
DA:35,0
DA:38,0
DA:39,0
LF:17
LH:14
BRDA:5,0,0,7
BRDA:5,0,1,5
BRDA:13,1,0,7
BRDA:13,1,1,2
BRF:4
BRH:4
end_of_record
TN:
SF:src/state/events.ts
FN:9,emitSoftReset
FN:12,listenSoftReset
FN:14,(anonymous_2)
FN:17,emitSessionDropped
FN:20,listenSessionDropped
FN:22,(anonymous_5)
FN:25,emitNetworkConfirmed
FN:28,listenNetworkConfirmed
FN:30,(anonymous_8)
FN:33,emitNetworkLost
FN:36,listenNetworkLost
FN:38,(anonymous_11)
FN:41,emitPostCreated
FN:44,listenPostCreated
FN:46,(anonymous_14)
FNF:15
FNH:15
FNDA:3,emitSoftReset
FNDA:1,listenSoftReset
FNDA:1,(anonymous_2)
FNDA:2,emitSessionDropped
FNDA:1,listenSessionDropped
FNDA:1,(anonymous_5)
FNDA:2,emitNetworkConfirmed
FNDA:1,listenNetworkConfirmed
FNDA:1,(anonymous_8)
FNDA:2,emitNetworkLost
FNDA:1,listenNetworkLost
FNDA:1,(anonymous_11)
FNDA:2,emitPostCreated
FNDA:1,listenPostCreated
FNDA:1,(anonymous_14)
DA:5,2
DA:10,3
DA:13,1
DA:14,1
DA:18,2
DA:21,1
DA:22,1
DA:26,2
DA:29,1
DA:30,1
DA:34,2
DA:37,1
DA:38,1
DA:42,2
DA:45,1
DA:46,1
LF:16
LH:16
BRF:0
BRH:0
end_of_record
TN:
SF:src/state/persisted/index.ts
FN:20,init
FN:28,get
FN:33,write
FN:45,onUpdate
FN:49,(anonymous_4)
FN:53,clearStorage
FN:62,writeToStorage
FN:75,readFromStorage
FNF:8
FNH:6
FNDA:2,init
FNDA:4,get
FNDA:1,write
FNDA:0,onUpdate
FNDA:0,(anonymous_4)
FNDA:1,clearStorage
FNDA:1,writeToStorage
FNDA:2,readFromStorage
DA:16,3
DA:18,3
DA:21,2
DA:22,2
DA:23,1
DA:26,3
DA:29,4
DA:31,3
DA:37,1
DA:41,1
DA:43,3
DA:49,0
DA:51,3
DA:54,1
DA:55,1
DA:57,0
DA:60,3
DA:63,1
DA:64,1
DA:65,1
DA:66,1
DA:68,0
DA:76,2
DA:77,2
DA:78,2
DA:80,0
DA:84,2
DA:85,1
DA:86,1
DA:87,1
LF:30
LH:26
BRDA:22,0,0,1
BRDA:22,0,1,1
BRDA:64,1,0,1
BRDA:64,1,1,0
BRDA:84,2,0,1
BRDA:84,2,1,1
BRDA:86,3,0,1
BRDA:86,3,1,0
BRF:8
BRH:6
end_of_record
TN:
SF:src/state/persisted/schema.ts
FN:179,tryParse
FN:196,(anonymous_1)
FN:207,tryStringify
FNF:3
FNH:3
FNDA:3,tryParse
FNDA:1,(anonymous_1)
FNDA:2,tryStringify
DA:8,2
DA:14,2
DA:43,2
DA:49,2
DA:133,2
DA:181,3
DA:182,3
DA:184,1
DA:188,3
DA:189,1
DA:191,2
DA:192,2
DA:193,1
DA:196,1
DA:202,1
DA:203,1
DA:208,2
DA:209,2
DA:210,1
DA:212,1
DA:215,1
LF:21
LH:21
BRDA:144,0,0,2
BRDA:144,0,1,2
BRDA:145,1,0,2
BRDA:145,1,1,0
BRDA:146,2,0,2
BRDA:146,2,1,2
BRDA:147,3,0,2
BRDA:147,3,1,0
BRDA:188,4,0,1
BRDA:188,4,1,2
BRDA:192,5,0,1
BRDA:192,5,1,1
BRDA:196,6,0,1
BRDA:196,6,1,0
BRF:14
BRH:11
end_of_record
TN:
SF:src/state/persisted/util.ts
FN:7,normalizeData
FN:20,(anonymous_1)
FN:26,(anonymous_2)
FN:30,(anonymous_3)
FN:33,(anonymous_4)
FN:48,normalizeLanguageTagToTwoLetterCode
FNF:6
FNH:2
FNDA:2,normalizeData
FNDA:0,(anonymous_1)
FNDA:0,(anonymous_2)
FNDA:0,(anonymous_3)
FNDA:0,(anonymous_4)
FNDA:2,normalizeLanguageTagToTwoLetterCode
DA:8,2
DA:14,2
DA:15,2
DA:16,2
DA:19,0
DA:21,0
DA:24,0
DA:26,0
DA:29,0
DA:31,0
DA:33,0
DA:38,0
DA:40,2
DA:45,2
DA:49,2
DA:50,0
LF:16
LH:7
BRDA:50,0,0,0
BRDA:50,0,1,0
BRF:2
BRH:0
end_of_record
TN:
SF:src/state/session/additional-moderation-authorities.ts
FN:68,isNonConfigurableModerationAuthority
FN:72,configureAdditionalModerationAuthorities
FNF:2
FNH:1
FNDA:0,isNonConfigurableModerationAuthority
FNDA:23,configureAdditionalModerationAuthorities
DA:6,1
DA:7,1
DA:8,1
DA:9,1
DA:10,1
DA:11,1
DA:12,1
DA:13,1
DA:14,1
DA:15,1
DA:20,1
DA:24,1
DA:64,1
DA:69,0
DA:73,23
DA:75,23
DA:77,23
DA:79,0
DA:81,23
DA:84,23
DA:85,23
DA:88,23
DA:92,23
DA:97,23
LF:24
LH:22
BRDA:77,0,0,0
BRDA:77,0,1,23
BRDA:79,1,0,0
BRDA:79,1,1,0
BRDA:84,2,0,23
BRDA:84,2,1,0
BRF:6
BRH:2
end_of_record
TN:
SF:src/state/session/agent-config.ts
FN:5,saveLabelers
FN:9,readLabelers
FNF:2
FNH:2
FNDA:1,saveLabelers
FNDA:2,readLabelers
DA:3,2
DA:6,1
DA:10,2
DA:11,2
LF:4
LH:4
BRDA:11,0,0,1
BRDA:11,0,1,1
BRF:2
BRH:2
end_of_record
TN:
SF:src/state/session/agent.ts
FN:25,createPublicAgent
FN:30,createAgentAndResume
FN:46,(anonymous_2)
FN:50,(anonymous_3)
FN:51,(anonymous_4)
FN:67,createAgentAndLogin
FN:99,createAgentAndCreateAccount
FN:142,(anonymous_7)
FN:186,agentToSessionAccountOrThrow
FN:194,agentToSessionAccount
FN:217,sessionAccountToSession
FN:243,(anonymous_11)
FN:246,(anonymous_12)
FN:263,(anonymous_13)
FN:271,(anonymous_14)
FN:287,(anonymous_15)
FN:303,(anonymous_16)
FNF:17
FNH:4
FNDA:23,createPublicAgent
FNDA:0,createAgentAndResume
FNDA:0,(anonymous_2)
FNDA:0,(anonymous_3)
FNDA:0,(anonymous_4)
FNDA:0,createAgentAndLogin
FNDA:0,createAgentAndCreateAccount
FNDA:0,(anonymous_7)
FNDA:35,agentToSessionAccountOrThrow
FNDA:35,agentToSessionAccount
FNDA:0,sessionAccountToSession
FNDA:23,(anonymous_11)
FNDA:0,(anonymous_12)
FNDA:0,(anonymous_13)
FNDA:0,(anonymous_14)
FNDA:0,(anonymous_15)
FNDA:0,(anonymous_16)
DA:26,23
DA:27,23
DA:38,0
DA:39,0
DA:40,0
DA:42,0
DA:43,0
DA:44,0
DA:45,0
DA:46,0
DA:48,0
DA:49,0
DA:50,0
DA:52,0
DA:58,0
DA:64,0
DA:85,0
DA:86,0
DA:93,0
DA:94,0
DA:95,0
DA:96,0
DA:125,0
DA:126,0
DA:134,0
DA:135,0
DA:136,0
DA:140,0
DA:141,0
DA:142,0
DA:143,0
DA:144,0
DA:155,0
DA:156,0
DA:168,0
DA:173,0
DA:176,0
DA:178,0
DA:180,0
DA:183,0
DA:187,35
DA:188,35
DA:189,0
DA:191,35
DA:197,35
DA:198,0
DA:200,35
DA:220,0
DA:238,1
DA:241,23
DA:244,23
DA:247,0
DA:248,0
DA:249,0
DA:250,0
DA:251,0
DA:253,0
DA:254,0
DA:256,0
DA:257,0
DA:259,0
DA:264,0
DA:265,0
DA:282,0
DA:285,0
DA:286,0
DA:287,0
DA:288,0
DA:289,0
DA:290,0
DA:292,0
DA:295,0
DA:296,0
DA:297,0
DA:300,0
DA:304,0
DA:305,0
LF:77
LH:10
BRDA:39,0,0,0
BRDA:39,0,1,0
BRDA:45,1,0,0
BRDA:45,1,1,0
BRDA:49,2,0,0
BRDA:49,2,1,0
BRDA:53,3,0,0
BRDA:53,3,1,0
BRDA:55,4,0,0
BRDA:55,4,1,0
BRDA:140,5,0,0
BRDA:140,5,1,0
BRDA:155,6,0,0
BRDA:155,6,1,0
BRDA:188,7,0,0
BRDA:188,7,1,35
BRDA:197,8,0,0
BRDA:197,8,1,35
BRDA:205,9,0,35
BRDA:205,9,1,34
BRDA:206,10,0,35
BRDA:206,10,1,34
BRDA:222,11,0,0
BRDA:222,11,1,0
BRDA:228,12,0,0
BRDA:228,12,1,0
BRDA:232,13,0,0
BRDA:232,13,1,0
BRDA:256,14,0,0
BRDA:256,14,1,0
BRDA:264,15,0,0
BRDA:264,15,1,0
BRDA:288,16,0,0
BRDA:288,16,1,0
BRDA:290,17,0,0
BRDA:290,17,1,0
BRDA:296,18,0,0
BRDA:296,18,1,0
BRDA:296,19,0,0
BRDA:296,19,1,0
BRF:40
BRH:6
end_of_record
TN:
SF:src/state/session/logging.ts
FN:63,wrapSessionReducerForLogging
FN:64,loggingWrapper
FN:75,addSessionErrorLog
FN:91,addSessionDebugLog
FN:130,getAgentId
FN:139,replacer
FNF:6
FNH:5
FNDA:2,wrapSessionReducerForLogging
FNDA:48,loggingWrapper
FNDA:1,addSessionErrorLog
FNDA:49,addSessionDebugLog
FNDA:0,getAgentId
FNDA:10,replacer
DA:64,2
DA:65,48
DA:66,48
DA:67,48
DA:71,2
DA:72,2
DA:76,1
DA:77,1
DA:78,0
DA:80,1
DA:81,1
DA:87,0
DA:92,49
DA:93,49
DA:95,47
DA:98,2
DA:99,0
DA:104,2
DA:105,2
DA:106,2
DA:108,2
DA:109,2
DA:110,5
DA:111,5
DA:112,5
DA:113,5
DA:122,0
DA:126,2
DA:127,2
DA:128,2
DA:131,0
DA:132,0
DA:133,0
DA:134,0
DA:136,0
DA:140,10
DA:141,0
DA:143,10
DA:150,0
DA:152,10
DA:156,0
DA:158,10
LF:42
LH:30
BRDA:77,0,0,0
BRDA:77,0,1,1
BRDA:77,1,0,1
BRDA:77,1,1,1
BRDA:80,2,0,1
BRDA:80,2,1,0
BRDA:93,3,0,47
BRDA:93,3,1,2
BRDA:93,4,0,49
BRDA:93,4,1,2
BRDA:98,5,0,0
BRDA:98,5,1,2
BRDA:132,6,0,0
BRDA:132,6,1,0
BRDA:140,7,0,0
BRDA:140,7,1,10
BRDA:140,8,0,10
BRDA:140,8,1,6
BRDA:140,8,2,6
BRDA:143,9,0,0
BRDA:143,9,1,10
BRDA:144,10,0,10
BRDA:144,10,1,10
BRDA:144,10,2,10
BRDA:144,10,3,10
BRDA:144,10,4,10
BRDA:152,11,0,0
BRDA:152,11,1,10
BRDA:153,12,0,10
BRDA:153,12,1,2
BRDA:153,12,2,2
BRF:31
BRH:23
end_of_record
TN:
SF:src/state/session/moderation.ts
FN:8,configureModerationForGuest
FN:15,configureModerationForAccount
FN:27,(anonymous_2)
FN:30,(anonymous_3)
FN:40,switchToBskyAppLabeler
FN:44,trySwitchToTestAppLabeler
FN:48,(anonymous_6)
FNF:7
FNH:5
FNDA:24,configureModerationForGuest
FNDA:2,configureModerationForAccount
FNDA:0,(anonymous_2)
FNDA:2,(anonymous_3)
FNDA:26,switchToBskyAppLabeler
FNDA:1,trySwitchToTestAppLabeler
FNDA:0,(anonymous_6)
DA:11,24
DA:12,24
DA:21,2
DA:22,2
DA:23,1
DA:27,2
DA:28,2
DA:29,2
DA:30,2
DA:37,2
DA:41,26
DA:45,1
DA:48,0
DA:50,1
DA:51,1
DA:52,1
LF:16
LH:15
BRDA:22,0,0,1
BRDA:22,0,1,1
BRDA:28,1,0,2
BRDA:28,1,1,0
BRDA:50,2,0,1
BRDA:50,2,1,0
BRF:6
BRH:4
end_of_record
TN:
SF:src/state/session/reducer.ts
FN:56,createPublicAgentState
FN:63,getInitialState
FN:71,(anonymous_2)
FN:88,(anonymous_3)
FN:97,(anonymous_4)
FN:124,(anonymous_5)
FN:136,(anonymous_6)
FN:147,(anonymous_7)
FN:162,(anonymous_8)
FNF:9
FNH:9
FNDA:23,createPublicAgentState
FNDA:14,getInitialState
FNDA:47,(anonymous_2)
FNDA:12,(anonymous_3)
FNDA:11,(anonymous_4)
FNDA:11,(anonymous_5)
FNDA:6,(anonymous_6)
FNDA:2,(anonymous_7)
FNDA:5,(anonymous_8)
DA:57,23
DA:64,14
DA:71,1
DA:72,47
DA:74,14
DA:75,14
DA:82,2
DA:84,12
DA:86,1
DA:88,12
DA:89,11
DA:94,2
DA:96,9
DA:98,11
DA:99,9
DA:100,7
DA:102,2
DA:110,2
DA:120,23
DA:121,23
DA:124,11
DA:134,4
DA:135,4
DA:136,6
DA:145,1
DA:146,1
DA:148,2
DA:161,3
DA:162,5
DA:173,2
DA:174,2
DA:185,1
LF:32
LH:32
BRDA:72,0,0,14
BRDA:72,0,1,23
BRDA:72,0,2,4
BRDA:72,0,3,1
BRDA:72,0,4,3
BRDA:72,0,5,2
BRDA:75,1,0,2
BRDA:75,1,1,12
BRDA:76,2,0,14
BRDA:76,2,1,5
BRDA:84,3,0,1
BRDA:84,3,1,11
BRDA:89,4,0,2
BRDA:89,4,1,9
BRDA:90,5,0,11
BRDA:90,5,1,10
BRDA:98,6,0,9
BRDA:98,6,1,2
BRDA:99,7,0,7
BRDA:99,7,1,2
BRDA:113,8,0,7
BRDA:113,8,1,2
BRDA:138,9,0,2
BRDA:138,9,1,2
BRDA:148,10,0,1
BRDA:148,10,1,1
BRDA:177,11,0,1
BRDA:177,11,1,1
BRF:28
BRH:28
end_of_record
TN:
SF:src/state/session/util.ts
FN:8,readLastActiveAccount
FN:10,(anonymous_1)
FN:13,isSignupQueued
FN:24,isSessionExpired
FNF:4
FNH:1
FNDA:0,readLastActiveAccount
FNDA:0,(anonymous_1)
FNDA:35,isSignupQueued
FNDA:0,isSessionExpired
DA:9,0
DA:10,0
DA:14,35
DA:15,35
DA:16,35
DA:21,0
DA:25,0
DA:26,0
DA:27,0
DA:28,0
DA:29,0
DA:30,0
DA:34,0
DA:36,0
LF:14
LH:3
BRDA:14,0,0,35
BRDA:14,0,1,0
BRDA:17,1,0,35
BRDA:17,1,1,0
BRDA:26,2,0,0
BRDA:26,2,1,0
BRDA:28,3,0,0
BRDA:28,3,1,0
BRF:8
BRH:2
end_of_record
TN:
SF:src/state/shell/onboarding.tsx
FN:32,(anonymous_0)
FN:34,reducer
FN:74,Provider
FN:102,useOnboardingState
FN:106,useOnboardingDispatch
FN:110,isOnboardingActive
FN:114,compute
FNF:7
FNH:1
FNDA:0,(anonymous_0)
FNDA:0,reducer
FNDA:0,Provider
FNDA:0,useOnboardingState
FNDA:0,useOnboardingDispatch
FNDA:0,isOnboardingActive
FNDA:1,compute
DA:5,1
DA:14,1
DA:29,1
DA:32,1
DA:35,0
DA:37,0
DA:38,0
DA:39,0
DA:41,0
DA:44,0
DA:45,0
DA:46,0
DA:47,0
DA:48,0
DA:49,0
DA:50,0
DA:51,0
DA:53,0
DA:54,0
DA:57,0
DA:58,0
DA:61,0
DA:62,0
DA:65,0
DA:66,0
DA:69,0
DA:77,0
DA:80,0
DA:91,0
DA:94,0
DA:95,0
DA:111,0
DA:115,1
LF:33
LH:5
BRDA:35,0,0,0
BRDA:35,0,1,0
BRDA:35,0,2,0
BRDA:35,0,3,0
BRDA:35,0,4,0
BRDA:35,0,5,0
BRDA:37,1,0,0
BRDA:37,1,1,0
BRDA:44,2,0,0
BRDA:44,2,1,0
BRDA:46,3,0,0
BRDA:46,3,1,0
BRDA:48,4,0,0
BRDA:48,4,1,0
BRDA:50,5,0,0
BRDA:50,5,1,0
BRF:16
BRH:0
end_of_record
TN:
SF:src/state/shell/reminders.ts
FN:7,shouldRequestEmailConfirmation
FN:36,snoozeEmailConfirmationPrompt
FNF:2
FNH:0
FNDA:0,shouldRequestEmailConfirmation
FNDA:0,snoozeEmailConfirmationPrompt
DA:9,0
DA:11,0
DA:13,0
DA:15,0
DA:16,0
DA:18,0
DA:24,0
DA:25,0
DA:29,0
DA:30,0
DA:33,0
DA:37,0
DA:38,0
DA:41,0
LF:14
LH:0
BRDA:9,0,0,0
BRDA:9,0,1,0
BRDA:11,1,0,0
BRDA:11,1,1,0
BRDA:13,2,0,0
BRDA:13,2,1,0
BRDA:24,3,0,0
BRDA:24,3,1,0
BRDA:29,4,0,0
BRDA:29,4,1,0
BRF:10
BRH:0
end_of_record
TN:
SF:src/storage/index.ts
FN:16,(anonymous_0)
FN:26,(anonymous_1)
FN:40,(anonymous_2)
FN:55,(anonymous_3)
FN:65,(anonymous_4)
FN:66,(anonymous_5)
FN:74,(anonymous_6)
FN:78,(anonymous_7)
FN:103,useStorage
FNF:9
FNH:6
FNDA:5,(anonymous_0)
FNDA:11,(anonymous_1)
FNDA:34,(anonymous_2)
FNDA:29,(anonymous_3)
FNDA:7,(anonymous_4)
FNDA:27,(anonymous_5)
FNDA:0,(anonymous_6)
FNDA:0,(anonymous_7)
FNDA:0,useStorage
DA:13,5
DA:17,5
DA:31,11
DA:43,34
DA:44,34
DA:46,7
DA:56,29
DA:66,27
DA:78,0
DA:79,0
DA:80,0
DA:114,0
DA:118,0
DA:123,0
DA:126,0
DA:133,0
DA:141,2
DA:146,2
DA:148,2
DA:150,2
LF:20
LH:12
BRDA:44,0,0,27
BRDA:44,0,1,7
BRDA:79,1,0,0
BRDA:79,1,1,0
BRDA:148,2,0,2
BRDA:148,2,1,0
BRDA:148,3,0,2
BRDA:148,3,1,2
BRF:8
BRH:5
end_of_record
TN:
SF:src/storage/schema.ts
FNF:0
FNH:0
LF:0
LH:0
BRF:0
BRH:0
end_of_record
